<?xml version="1.0" encoding="UTF-8"?>
<testng-results ignored="0" total="4" passed="4" failed="0" skipped="0">
  <reporter-output>
  </reporter-output>
  <suite started-at="2022-10-02T04:59:47 IST" name="Login Suite" finished-at="2022-10-02T05:00:29 IST" duration-ms="42333">
    <groups>
    </groups>
    <test started-at="2022-10-02T04:59:47 IST" name="Login test cases" finished-at="2022-10-02T05:00:29 IST" duration-ms="42333">
      <class name="loginTestCases.CorrectUserName">
        <test-method signature="loginWithCorrectUserName()[pri:0, instance:loginTestCases.CorrectUserName@794cb805]" started-at="2022-10-02T05:00:08 IST" name="loginWithCorrectUserName" finished-at="2022-10-02T05:00:20 IST" duration-ms="11756" status="PASS">
          <reporter-output>
          </reporter-output>
        </test-method> <!-- loginWithCorrectUserName -->
      </class> <!-- loginTestCases.CorrectUserName -->
      <class name="loginTestCases.BothCorrect">
        <test-method signature="loginWithBothCorrect()[pri:0, instance:loginTestCases.BothCorrect@2b6faea6]" started-at="2022-10-02T04:59:47 IST" name="loginWithBothCorrect" finished-at="2022-10-02T04:59:57 IST" duration-ms="10275" status="PASS">
          <reporter-output>
          </reporter-output>
        </test-method> <!-- loginWithBothCorrect -->
      </class> <!-- loginTestCases.BothCorrect -->
      <class name="loginTestCases.CorrectPassword">
        <test-method signature="loginWithCorrectPassword()[pri:0, instance:loginTestCases.CorrectPassword@4b5a5ed1]" started-at="2022-10-02T05:00:20 IST" name="loginWithCorrectPassword" finished-at="2022-10-02T05:00:29 IST" duration-ms="9269" status="PASS">
          <reporter-output>
          </reporter-output>
        </test-method> <!-- loginWithCorrectPassword -->
      </class> <!-- loginTestCases.CorrectPassword -->
      <class name="loginTestCases.BothIncorrect">
        <test-method signature="loginWithBothIncorrect()[pri:0, instance:loginTestCases.BothIncorrect@1f3f4916]" started-at="2022-10-02T04:59:57 IST" name="loginWithBothIncorrect" finished-at="2022-10-02T05:00:08 IST" duration-ms="10911" status="PASS">
          <reporter-output>
          </reporter-output>
        </test-method> <!-- loginWithBothIncorrect -->
      </class> <!-- loginTestCases.BothIncorrect -->
    </test> <!-- Login test cases -->
  </suite> <!-- Login Suite -->
</testng-results>
