<?xml version="1.0" encoding="UTF-8"?>
<!-- Generated by org.testng.reporters.JUnitXMLReporter -->
<testsuite ignored="0" hostname="DESKTOP-DVS91BC" failures="0" tests="4" name="Login test cases" time="42.333" errors="0" timestamp="2022-10-02T05:00:29 IST">
  <testcase classname="loginTestCases.BothCorrect" name="loginWithBothCorrect" time="10.275"/>
  <testcase classname="loginTestCases.BothIncorrect" name="loginWithBothIncorrect" time="10.911"/>
  <testcase classname="loginTestCases.CorrectUserName" name="loginWithCorrectUserName" time="11.756"/>
  <testcase classname="loginTestCases.CorrectPassword" name="loginWithCorrectPassword" time="9.269"/>
</testsuite> <!-- Login test cases -->
